<?xml version="1.0" encoding="UTF-8"?>
<testsuite xmlns:xsi="http://www.w3.org/2001/XMLSchema-instance" xsi:noNamespaceSchemaLocation="https://maven.apache.org/surefire/maven-surefire-plugin/xsd/surefire-test-report-3.0.xsd" version="3.0" name="pl.polsl.zagorski.model.ModelTest" time="0.102" tests="10" errors="0" skipped="0" failures="0">
  <properties>
    <property name="java.specification.version" value="17"/>
    <property name="sun.cpu.isalist" value="amd64"/>
    <property name="sun.jnu.encoding" value="Cp1250"/>
    <property name="java.class.path" value="C:\Users\zagwi\OneDrive\Pulpit\SZKOŁA\Semestr 5\Java\Lab3\derivativetocount\target\test-classes;C:\Users\zagwi\OneDrive\Pulpit\SZKOŁA\Semestr 5\Java\Lab3\derivativetocount\target\classes;C:\Users\zagwi\.m2\repository\org\junit\jupiter\junit-jupiter-api\5.6.0\junit-jupiter-api-5.6.0.jar;C:\Users\zagwi\.m2\repository\org\apiguardian\apiguardian-api\1.1.0\apiguardian-api-1.1.0.jar;C:\Users\zagwi\.m2\repository\org\opentest4j\opentest4j\1.2.0\opentest4j-1.2.0.jar;C:\Users\zagwi\.m2\repository\org\junit\platform\junit-platform-commons\1.6.0\junit-platform-commons-1.6.0.jar;C:\Users\zagwi\.m2\repository\org\junit\jupiter\junit-jupiter-params\5.6.0\junit-jupiter-params-5.6.0.jar;C:\Users\zagwi\.m2\repository\org\junit\jupiter\junit-jupiter-engine\5.6.0\junit-jupiter-engine-5.6.0.jar;C:\Users\zagwi\.m2\repository\org\junit\platform\junit-platform-engine\1.6.0\junit-platform-engine-1.6.0.jar;"/>
    <property name="java.vm.vendor" value="Oracle Corporation"/>
    <property name="sun.arch.data.model" value="64"/>
    <property name="user.variant" value=""/>
    <property name="java.vendor.url" value="https://java.oracle.com/"/>
    <property name="user.timezone" value="GMT+01:00"/>
    <property name="user.country.format" value="PL"/>
    <property name="os.name" value="Windows 11"/>
    <property name="java.vm.specification.version" value="17"/>
    <property name="user.country" value="US"/>
    <property name="sun.java.launcher" value="SUN_STANDARD"/>
    <property name="sun.boot.library.path" value="C:\Program Files\Java\jdk-17\bin"/>
    <property name="sun.java.command" value="C:\Users\zagwi\AppData\Local\Temp\surefire108079866366011506\surefirebooter-20231118172646684_3.jar C:\Users\zagwi\AppData\Local\Temp\surefire108079866366011506 2023-11-18T17-26-46_580-jvmRun1 surefire-20231118172646684_1tmp surefire_0-20231118172646684_2tmp"/>
    <property name="jdk.debug" value="release"/>
    <property name="test" value="pl.polsl.zagorski.model.ModelTest"/>
    <property name="surefire.test.class.path" value="C:\Users\zagwi\OneDrive\Pulpit\SZKOŁA\Semestr 5\Java\Lab3\derivativetocount\target\test-classes;C:\Users\zagwi\OneDrive\Pulpit\SZKOŁA\Semestr 5\Java\Lab3\derivativetocount\target\classes;C:\Users\zagwi\.m2\repository\org\junit\jupiter\junit-jupiter-api\5.6.0\junit-jupiter-api-5.6.0.jar;C:\Users\zagwi\.m2\repository\org\apiguardian\apiguardian-api\1.1.0\apiguardian-api-1.1.0.jar;C:\Users\zagwi\.m2\repository\org\opentest4j\opentest4j\1.2.0\opentest4j-1.2.0.jar;C:\Users\zagwi\.m2\repository\org\junit\platform\junit-platform-commons\1.6.0\junit-platform-commons-1.6.0.jar;C:\Users\zagwi\.m2\repository\org\junit\jupiter\junit-jupiter-params\5.6.0\junit-jupiter-params-5.6.0.jar;C:\Users\zagwi\.m2\repository\org\junit\jupiter\junit-jupiter-engine\5.6.0\junit-jupiter-engine-5.6.0.jar;C:\Users\zagwi\.m2\repository\org\junit\platform\junit-platform-engine\1.6.0\junit-platform-engine-1.6.0.jar;"/>
    <property name="sun.cpu.endian" value="little"/>
    <property name="user.home" value="C:\Users\zagwi"/>
    <property name="user.language" value="en"/>
    <property name="java.specification.vendor" value="Oracle Corporation"/>
    <property name="java.version.date" value="2023-07-18"/>
    <property name="java.home" value="C:\Program Files\Java\jdk-17"/>
    <property name="file.separator" value="\"/>
    <property name="basedir" value="C:\Users\zagwi\OneDrive\Pulpit\SZKOŁA\Semestr 5\Java\Lab3\derivativetocount"/>
    <property name="java.vm.compressedOopsMode" value="Zero based"/>
    <property name="line.separator" value="&#10;"/>
    <property name="java.vm.specification.vendor" value="Oracle Corporation"/>
    <property name="java.specification.name" value="Java Platform API Specification"/>
    <property name="surefire.real.class.path" value="C:\Users\zagwi\AppData\Local\Temp\surefire108079866366011506\surefirebooter-20231118172646684_3.jar"/>
    <property name="user.script" value=""/>
    <property name="sun.management.compiler" value="HotSpot 64-Bit Tiered Compilers"/>
    <property name="java.runtime.version" value="17.0.8+9-LTS-211"/>
    <property name="user.name" value="zagwi"/>
    <property name="path.separator" value=";"/>
    <property name="os.version" value="10.0"/>
    <property name="java.runtime.name" value="Java(TM) SE Runtime Environment"/>
    <property name="file.encoding" value="UTF-8"/>
    <property name="java.vm.name" value="Java HotSpot(TM) 64-Bit Server VM"/>
    <property name="maven.ext.class.path" value="C:\Program Files\NetBeans-18\netbeans\java\maven-nblib\netbeans-eventspy.jar"/>
    <property name="localRepository" value="C:\Users\zagwi\.m2\repository"/>
    <property name="java.vendor.url.bug" value="https://bugreport.java.com/bugreport/"/>
    <property name="java.io.tmpdir" value="C:\Users\zagwi\AppData\Local\Temp\"/>
    <property name="java.version" value="17.0.8"/>
    <property name="user.dir" value="C:\Users\zagwi\OneDrive\Pulpit\SZKOŁA\Semestr 5\Java\Lab3\derivativetocount"/>
    <property name="os.arch" value="amd64"/>
    <property name="java.vm.specification.name" value="Java Virtual Machine Specification"/>
    <property name="user.language.format" value="pl"/>
    <property name="sun.os.patch.level" value=""/>
    <property name="native.encoding" value="Cp1250"/>
    <property name="java.library.path" value="C:\Program Files\Java\jdk-17\bin;C:\WINDOWS\Sun\Java\bin;C:\WINDOWS\system32;C:\WINDOWS;C:\Program Files\Common Files\Oracle\Java\javapath;C:\Users\zagwi\OneDrive\Pulpit\SZKOŁA\mdilk\amzi\apls\bin;C:\Program Files\Microsoft\jdk-11.0.12.7-hotspot\bin;C:\Windows\system32;C:\Windows;C:\Windows\System32\Wbem;C:\Windows\System32\WindowsPowerShell\v1.0\;C:\Windows\System32\OpenSSH\;C:\Program Files (x86)\NVIDIA Corporation\PhysX\Common;C:\Program Files\NVIDIA Corporation\NVIDIA NvDLISR;C:\Program Files\Microsoft SQL Server\150\Tools\Binn\;C:\Program Files\Microsoft SQL Server\Client SDK\ODBC\170\Tools\Binn\;C:\Program Files\dotnet\;C:\Program Files\Git\cmd;C:\WINDOWS\system32;C:\WINDOWS;C:\WINDOWS\System32\Wbem;C:\WINDOWS\System32\WindowsPowerShell\v1.0\;C:\WINDOWS\System32\OpenSSH\;C:\Users\zagwi\AppData\Local\Programs\Python\Python311;C:\Users\zagwi\AppData\Local\Programs\Python\Python311\Scripts;C:\Program Files\Docker\Docker\resources\bin;C:\Program Files\PowerShell\7\;C:\Users\zagwi\AppData\Local\Programs\Python\Python311\Scripts\;C:\Users\zagwi\AppData\Local\Programs\Python\Python311\;C:\Users\zagwi\AppData\Local\Microsoft\WindowsApps;C:\Users\zagwi\.dotnet\tools;C:\Program Files\JetBrains\IntelliJ IDEA Community Edition 2022.1.3\bin;;;C:\Users\zagwi\OneDrive\Pulpit\PROGRAMOWANIE\Programowanie\Python\IDE\PyCharm Community Edition 2022.3.1\bin;;C:\Users\zagwi\OneDrive\Pulpit\PROGRAMOWANIE\Visual Studio Code\Microsoft VS Code\bin;."/>
    <property name="java.vm.info" value="mixed mode, sharing"/>
    <property name="java.vendor" value="Oracle Corporation"/>
    <property name="java.vm.version" value="17.0.8+9-LTS-211"/>
    <property name="sun.io.unicode.encoding" value="UnicodeLittle"/>
    <property name="java.class.version" value="61.0"/>
  </properties>
  <testcase name="testAnswerBuilder(double, double, double, double, String)[1]" classname="pl.polsl.zagorski.model.ModelTest" time="0.036"/>
  <testcase name="testAnswerBuilder(double, double, double, double, String)[2]" classname="pl.polsl.zagorski.model.ModelTest" time="0.001"/>
  <testcase name="testAnswerBuilder(double, double, double, double, String)[3]" classname="pl.polsl.zagorski.model.ModelTest" time="0.001"/>
  <testcase name="testCalculateDerivative(List, List)[1]" classname="pl.polsl.zagorski.model.ModelTest" time="0"/>
  <testcase name="testCalculateDerivative(List, List)[2]" classname="pl.polsl.zagorski.model.ModelTest" time="0.001"/>
  <testcase name="testCalculateDerivative(List, List)[3]" classname="pl.polsl.zagorski.model.ModelTest" time="0.001"/>
  <testcase name="testCalculateDerivative(List, List)[4]" classname="pl.polsl.zagorski.model.ModelTest" time="0"/>
  <testcase name="testCalculateDerivative(List, List)[5]" classname="pl.polsl.zagorski.model.ModelTest" time="0"/>
  <testcase name="testCalculateDerivative(List, List)[6]" classname="pl.polsl.zagorski.model.ModelTest" time="0"/>
  <testcase name="testCalculateDerivative(List, List)[7]" classname="pl.polsl.zagorski.model.ModelTest" time="0.001"/>
</testsuite>